2020-10-07T01:21:38.925-0400 ERROR Exception in thread main java.lang.NullPointerException
    at com.example.myproject.Book.getTitle(Book.java:16)
    at com.example.myproject.Author.getBookTitles(Author.java:25)
    at com.example.myproject.Bootstrap.main(Bootstrap.java:14)
Caused by: java.lang.NullPointerException
    at com.example.myproject.Book.getId(Book.java:22)
    at com.example.myproject.Author.getBookIds(Author.java:36)
2020-10-07T01:21:38.925-0400 ERROR Exception in thread main java.lang.NullPointerException
    at com.example.myproject.Book.getTitle(Book.java:16)
    at com.example.myproject.Author.getBookTitles(Author.java:25)
    at com.example.myproject.Bootstrap.main(Bootstrap.java:14)
Caused by: java.lang.NullPointerException
    at com.example.myproject.Book.getId(Book.java:22)
    at com.example.myproject.Author.getBookIds(Author.java:36)
2020-10-07T01:21:38.925-0400 ERROR Exception in thread main java.lang.NullPointerException
    at com.example.myproject.Book.getTitle(Book.java:16)
    at com.example.myproject.Author.getBookTitles(Author.java:25)
    at com.example.myproject.Bootstrap.main(Bootstrap.java:14)
Caused by: java.lang.NullPointerException
    at com.example.myproject.Book.getId(Book.java:22)
    at com.example.myproject.Author.getBookIds(Author.java:36)
2020-10-07T01:21:38.925-0400 ERROR Exception in thread main java.lang.NullPointerException
    at com.example.myproject.Book.getTitle(Book.java:16)
    at com.example.myproject.Author.getBookTitles(Author.java:25)
    at com.example.myproject.Bootstrap.main(Bootstrap.java:14)
Caused by: java.lang.NullPointerException
    at com.example.myproject.Book.getId(Book.java:22)
    at com.example.myproject.Author.getBookIds(Author.java:36)
2020-10-07T01:21:38.925-0400 ERROR Exception in thread main java.lang.NullPointerException
    at com.example.myproject.Book.getTitle(Book.java:16)
    at com.example.myproject.Author.getBookTitles(Author.java:25)
    at com.example.myproject.Bootstrap.main(Bootstrap.java:14)
Caused by: java.lang.NullPointerException
    at com.example.myproject.Book.getId(Book.java:22)
    at com.example.myproject.Author.getBookIds(Author.java:36)
2020-10-07T01:21:38.925-0400 ERROR Exception in thread main java.lang.NullPointerException
    at com.example.myproject.Book.getTitle(Book.java:16)
    at com.example.myproject.Author.getBookTitles(Author.java:25)
    at com.example.myproject.Bootstrap.main(Bootstrap.java:14)
Caused by: java.lang.NullPointerException
    at com.example.myproject.Book.getId(Book.java:22)
    at com.example.myproject.Author.getBookIds(Author.java:36)
